-------------------------------------------------------------------------------
Test set: database.ConnectTest
-------------------------------------------------------------------------------
Tests run: 2, Failures: 0, Errors: 2, Skipped: 0, Time elapsed: 0.005 sec <<< FAILURE!
getPreparedStatementTest(database.ConnectTest)  Time elapsed: 0.001 sec  <<< ERROR!
java.lang.VerifyError: Expecting a stackmap frame at branch target 77
Exception Details:
  Location:
    database/Connect.getPreparedStatement(Ljava/lang/String;)Ljava/sql/PreparedStatement; @6: ldc
  Reason:
    Expected stackmap frame at this location.
  Bytecode:
    0x0000000: 033d 11ff ff3e 121e 1100 15b8 0024 120b
    0x0000010: b800 3d57 121e 1100 16b8 0024 2a12 0e12
    0x0000020: 1112 14b8 0043 b500 2812 1e11 0017 b800
    0x0000030: 242a 2ab4 0028 2b11 03ec b900 4903 00b5
    0x0000040: 002a 121e 1100 1cb8 0024 a700 3c12 1e11
    0x0000050: 0018 b800 243a 0412 1e11 0019 b800 2419
    0x0000060: 04b6 004c 121e 1100 1cb8 0024 a700 1a12
    0x0000070: 1e11 001a b800 243a 0412 1e11 001b b800
    0x0000080: 2419 04b6 004d 121e 1100 1eb8 0024 2ab4
    0x0000090: 002a b0                                
  Exception Handler Table:
    bci [6, 66] => handler: 77
    bci [6, 66] => handler: 111
  Stackmap Table:
    same_locals_1_stack_item_extended(@85,Object[#53])
    same_locals_1_stack_item_frame(@119,Object[#55])
    same_frame(@142)

	at database.ConnectTest.getPreparedStatementTest(ConnectTest.java:15)
	at sun.reflect.NativeMethodAccessorImpl.invoke0(Native Method)
	at sun.reflect.NativeMethodAccessorImpl.invoke(NativeMethodAccessorImpl.java:62)
	at sun.reflect.DelegatingMethodAccessorImpl.invoke(DelegatingMethodAccessorImpl.java:43)
	at java.lang.reflect.Method.invoke(Method.java:498)
	at org.junit.runners.model.FrameworkMethod$1.runReflectiveCall(FrameworkMethod.java:44)
	at org.junit.internal.runners.model.ReflectiveCallable.run(ReflectiveCallable.java:15)
	at org.junit.runners.model.FrameworkMethod.invokeExplosively(FrameworkMethod.java:41)
	at org.junit.internal.runners.statements.InvokeMethod.evaluate(InvokeMethod.java:20)
	at org.junit.runners.BlockJUnit4ClassRunner.runNotIgnored(BlockJUnit4ClassRunner.java:79)
	at org.junit.runners.BlockJUnit4ClassRunner.runChild(BlockJUnit4ClassRunner.java:71)
	at org.junit.runners.BlockJUnit4ClassRunner.runChild(BlockJUnit4ClassRunner.java:49)
	at org.junit.runners.ParentRunner$3.run(ParentRunner.java:193)
	at org.junit.runners.ParentRunner$1.schedule(ParentRunner.java:52)
	at org.junit.runners.ParentRunner.runChildren(ParentRunner.java:191)
	at org.junit.runners.ParentRunner.access$000(ParentRunner.java:42)
	at org.junit.runners.ParentRunner$2.evaluate(ParentRunner.java:184)
	at org.junit.runners.ParentRunner.run(ParentRunner.java:236)
	at org.apache.maven.surefire.junit4.JUnit4TestSet.execute(JUnit4TestSet.java:53)
	at org.apache.maven.surefire.junit4.JUnit4Provider.executeTestSet(JUnit4Provider.java:119)
	at org.apache.maven.surefire.junit4.JUnit4Provider.invoke(JUnit4Provider.java:101)
	at sun.reflect.NativeMethodAccessorImpl.invoke0(Native Method)
	at sun.reflect.NativeMethodAccessorImpl.invoke(NativeMethodAccessorImpl.java:62)
	at sun.reflect.DelegatingMethodAccessorImpl.invoke(DelegatingMethodAccessorImpl.java:43)
	at java.lang.reflect.Method.invoke(Method.java:498)
	at org.apache.maven.surefire.booter.ProviderFactory$ClassLoaderProxy.invoke(ProviderFactory.java:103)
	at com.sun.proxy.$Proxy0.invoke(Unknown Source)
	at org.apache.maven.surefire.booter.SurefireStarter.invokeProvider(SurefireStarter.java:150)
	at org.apache.maven.surefire.booter.SurefireStarter.runSuitesInProcess(SurefireStarter.java:91)
	at org.apache.maven.surefire.booter.ForkedBooter.main(ForkedBooter.java:69)

getResultSetTest(database.ConnectTest)  Time elapsed: 0.001 sec  <<< ERROR!
java.lang.VerifyError: Expecting a stackmap frame at branch target 77
Exception Details:
  Location:
    database/Connect.getPreparedStatement(Ljava/lang/String;)Ljava/sql/PreparedStatement; @6: ldc
  Reason:
    Expected stackmap frame at this location.
  Bytecode:
    0x0000000: 033d 11ff ff3e 121e 1100 15b8 0024 120b
    0x0000010: b800 3d57 121e 1100 16b8 0024 2a12 0e12
    0x0000020: 1112 14b8 0043 b500 2812 1e11 0017 b800
    0x0000030: 242a 2ab4 0028 2b11 03ec b900 4903 00b5
    0x0000040: 002a 121e 1100 1cb8 0024 a700 3c12 1e11
    0x0000050: 0018 b800 243a 0412 1e11 0019 b800 2419
    0x0000060: 04b6 004c 121e 1100 1cb8 0024 a700 1a12
    0x0000070: 1e11 001a b800 243a 0412 1e11 001b b800
    0x0000080: 2419 04b6 004d 121e 1100 1eb8 0024 2ab4
    0x0000090: 002a b0                                
  Exception Handler Table:
    bci [6, 66] => handler: 77
    bci [6, 66] => handler: 111
  Stackmap Table:
    same_locals_1_stack_item_extended(@85,Object[#53])
    same_locals_1_stack_item_frame(@119,Object[#55])
    same_frame(@142)

	at database.ConnectTest.getResultSetTest(ConnectTest.java:22)
	at sun.reflect.NativeMethodAccessorImpl.invoke0(Native Method)
	at sun.reflect.NativeMethodAccessorImpl.invoke(NativeMethodAccessorImpl.java:62)
	at sun.reflect.DelegatingMethodAccessorImpl.invoke(DelegatingMethodAccessorImpl.java:43)
	at java.lang.reflect.Method.invoke(Method.java:498)
	at org.junit.runners.model.FrameworkMethod$1.runReflectiveCall(FrameworkMethod.java:44)
	at org.junit.internal.runners.model.ReflectiveCallable.run(ReflectiveCallable.java:15)
	at org.junit.runners.model.FrameworkMethod.invokeExplosively(FrameworkMethod.java:41)
	at org.junit.internal.runners.statements.InvokeMethod.evaluate(InvokeMethod.java:20)
	at org.junit.runners.BlockJUnit4ClassRunner.runNotIgnored(BlockJUnit4ClassRunner.java:79)
	at org.junit.runners.BlockJUnit4ClassRunner.runChild(BlockJUnit4ClassRunner.java:71)
	at org.junit.runners.BlockJUnit4ClassRunner.runChild(BlockJUnit4ClassRunner.java:49)
	at org.junit.runners.ParentRunner$3.run(ParentRunner.java:193)
	at org.junit.runners.ParentRunner$1.schedule(ParentRunner.java:52)
	at org.junit.runners.ParentRunner.runChildren(ParentRunner.java:191)
	at org.junit.runners.ParentRunner.access$000(ParentRunner.java:42)
	at org.junit.runners.ParentRunner$2.evaluate(ParentRunner.java:184)
	at org.junit.runners.ParentRunner.run(ParentRunner.java:236)
	at org.apache.maven.surefire.junit4.JUnit4TestSet.execute(JUnit4TestSet.java:53)
	at org.apache.maven.surefire.junit4.JUnit4Provider.executeTestSet(JUnit4Provider.java:119)
	at org.apache.maven.surefire.junit4.JUnit4Provider.invoke(JUnit4Provider.java:101)
	at sun.reflect.NativeMethodAccessorImpl.invoke0(Native Method)
	at sun.reflect.NativeMethodAccessorImpl.invoke(NativeMethodAccessorImpl.java:62)
	at sun.reflect.DelegatingMethodAccessorImpl.invoke(DelegatingMethodAccessorImpl.java:43)
	at java.lang.reflect.Method.invoke(Method.java:498)
	at org.apache.maven.surefire.booter.ProviderFactory$ClassLoaderProxy.invoke(ProviderFactory.java:103)
	at com.sun.proxy.$Proxy0.invoke(Unknown Source)
	at org.apache.maven.surefire.booter.SurefireStarter.invokeProvider(SurefireStarter.java:150)
	at org.apache.maven.surefire.booter.SurefireStarter.runSuitesInProcess(SurefireStarter.java:91)
	at org.apache.maven.surefire.booter.ForkedBooter.main(ForkedBooter.java:69)

