<?xml version="1.0" encoding="UTF-8" ?>
<testsuite tests="2" failures="0" name="database.GetStockData_DBTest" time="0.004" errors="2" skipped="0">
  <properties>
[...]
</properties>
  <testcase classname="database.GetStockData_DBTest" name="getAllInterestedStockTest" time="0.001">
    <error message="Expecting a stackmap frame at branch target 180
Exception Details:
  Location:
    database/GetStockData_DB.getStockData_name(Ljava/lang/String;Ljava/lang/String;Ljava/lang/String;)Lpo/StockPO; @32: if_icmpne
  Reason:
    Expected stackmap frame at this location.
  Bytecode:
    0x0000000: 0336 0411 ffff 3605 120b 1100 1db8 0011
    0x0000010: 2cb6 0022 1008 1100 1d36 0411 0000 3605
    0x0000020: a000 9415 0411 001d a000 1a15 0511 0000
    0x0000030: a000 1212 0b15 0415 0504 b800 2611 ffff
    0x0000040: 3605 120b 1100 1eb8 0011 bb00 2859 b700
    0x0000050: 292c 0307 b600 2db6 0031 1233 b600 312c
    0x0000060: 0710 06b6 002d b600 3112 33b6 0031 2c10
    0x0000070: 06b6 0036 b600 31b6 003a 4d12 0b11 001f
    0x0000080: b800 11bb 0028 59b7 0029 2d03 07b6 002d
    0x0000090: b600 3112 33b6 0031 2d07 1006 b600 2db6
    0x00000a0: 0031 1233 b600 312d 1006 b600 36b6 0031
    0x00000b0: b600 3a4e 1505 9b00 1212 0b15 0415 0503
    0x00000c0: b800 2611 ffff 3605 120b 1100 22b8 0011
    0x00000d0: bb00 3c59 b700 3d3a 0612 0b11 0023 b800
    0x00000e0: 11bb 0028 59b7 0029 123f b600 312b b600
    0x00000f0: 3112 41b6 0031 b600 3a3a 0712 0b11 0024
    0x0000100: b800 1119 0619 07b6 0045 3a08 120b 1100
    0x0000110: 26b8 0011 0336 0912 0b11 0027 b800 1101
    0x0000120: 3a0a 1505 9b00 1212 0b15 0415 0503 b800
    0x0000130: 2611 ffff 3605 120b 1100 29b8 0011 1908
    0x0000140: b900 4d01 0011 0029 3604 1100 0036 0599
    0x0000150: 009c 1504 1100 29a0 001a 1505 1100 00a0
    0x0000160: 0012 120b 1504 1505 04b8 0026 11ff ff36
    0x0000170: 0512 0b11 002a b800 112a 2c19 0810 08b9
    0x0000180: 0050 0200 b600 5411 002a 3604 1100 0036
    0x0000190: 059a ff91 120b 1504 1505 04b8 0026 11ff
    0x00001a0: ff36 052a 1908 1008 b900 5002 002d b600
    0x00001b0: 5411 002a 3604 1100 0136 059a ff67 1504
    0x00001c0: 1100 2aa0 001a 1505 1100 01a0 0012 120b
    0x00001d0: 1504 1505 04b8 0026 11ff ff36 0512 0b11
    0x00001e0: 002b b800 1184 0901 a7ff 3a15 059b 0012
    0x00001f0: 120b 1504 1505 03b8 0026 11ff ff36 0512
    0x0000200: 0b11 002e b800 11bb 0049 5915 09b7 0057
    0x0000210: 3a0a 120b 1100 2fb8 0011 1908 b900 5a01
    0x0000220: 0012 0b11 0030 b800 1115 09bc 0b3a 0b12
    0x0000230: 0b11 0031 b800 1115 09bc 073a 0c12 0b11
    0x0000240: 0032 b800 1115 09bc 073a 0d12 0b11 0033
    0x0000250: b800 1115 09bc 073a 0e12 0b11 0034 b800
    0x0000260: 1115 09bc 073a 0f12 0b11 0035 b800 1115
    0x0000270: 09bc 073a 1012 0b11 0036 b800 1115 09bd
    0x0000280: 001e 3a11 120b 1100 37b8 0011 1509 bc07
    0x0000290: 3a12 120b 1100 38b8 0011 1509 bc07 3a13
    0x00002a0: 120b 1100 39b8 0011 1509 bc07 3a14 120b
    0x00002b0: 1100 3ab8 0011 1509 bc07 3a15 120b 1100
    0x00002c0: 3bb8 0011 1509 bc07 3a16 120b 1100 3cb8
    0x00002d0: 0011 0336 1715 059b 0012 120b 1504 1505
    0x00002e0: 03b8 0026 11ff ff36 0512 0b11 003d b800
    0x00002f0: 1119 08b9 004d 0100 1100 3d36 0411 0000
    0x0000300: 3605 9901 f415 0411 003d a000 1a15 0511
    0x0000310: 0000 a000 1212 0b15 0415 0504 b800 2611
    0x0000320: ffff 3605 120b 1100 3eb8 0011 2a2c 1908
    0x0000330: 1008 b900 5002 00b6 0054 1100 3e36 0411
    0x0000340: 0000 3605 9a01 5b12 0b15 0415 0504 b800
    0x0000350: 2611 ffff 3605 2a19 0810 08b9 0050 0200
    0x0000360: 2db6 0054 1100 3e36 0411 0001 3605 9a01
    0x0000370: 3115 0411 003e a000 1a15 0511 0001 a000
    0x0000380: 1212 0b15 0415 0504 b800 2611 ffff 3605
    0x0000390: 120b 1100 3fb8 0011 190b 1517 1908 05b9
    0x00003a0: 0064 0200 5012 0b11 0040 b800 1119 0c15
    0x00003b0: 1719 0806 b900 6802 0052 120b 1100 41b8
    0x00003c0: 0011 190d 1517 1908 07b9 0068 0200 5212
    0x00003d0: 0b11 0042 b800 1119 0e15 1719 0808 b900
    0x00003e0: 6802 0052 120b 1100 43b8 0011 190f 1517
    0x00003f0: 1908 1006 b900 6802 0052 120b 1100 44b8
    0x0000400: 0011 1910 1517 1908 1007 b900 6802 0052
    0x0000410: 120b 1100 45b8 0011 1911 1517 1908 1008
    0x0000420: b900 5002 0053 120b 1100 46b8 0011 1912
    0x0000430: 1517 1908 1009 b900 6802 0052 120b 1100
    0x0000440: 47b8 0011 1913 1517 1908 100a b900 6802
    0x0000450: 0052 120b 1100 48b8 0011 1914 1517 1908
    0x0000460: 100b b900 6802 0052 120b 1100 49b8 0011
    0x0000470: 1915 1517 1908 100c b900 6802 0052 120b
    0x0000480: 1100 4ab8 0011 1916 1517 1908 100d b900
    0x0000490: 6802 0052 120b 1100 4bb8 0011 8417 0115
    0x00004a0: 059b 0012 120b 1504 1505 03b8 0026 11ff
    0x00004b0: ff36 0512 0b11 004d b800 1115 1715 0911
    0x00004c0: 004d 3604 1100 0036 05a0 fe0c 1504 1100
    0x00004d0: 4da0 001a 1505 1100 00a0 0012 120b 1504
    0x00004e0: 1505 04b8 0026 11ff ff36 0512 0b11 004e
    0x00004f0: b800 11a7 0003 1505 9b00 1212 0b15 0415
    0x0000500: 0503 b800 2611 ffff 3605 120b 1100 51b8
    0x0000510: 0011 190a 2bb6 006c 120b 1100 52b8 0011
    0x0000520: 190a 190b b600 7012 0b11 0053 b800 1119
    0x0000530: 0a19 0cb6 0074 120b 1100 54b8 0011 190a
    0x0000540: 190d b600 7712 0b11 0055 b800 1119 0a19
    0x0000550: 0eb6 007a 120b 1100 56b8 0011 190a 190f
    0x0000560: b600 7d12 0b11 0057 b800 1119 0a19 10b6
    0x0000570: 0080 120b 1100 58b8 0011 190a 1911 b600
    0x0000580: 8412 0b11 0059 b800 1119 0a19 12b6 0087
    0x0000590: 120b 1100 5ab8 0011 190a 1913 b600 8a12
    0x00005a0: 0b11 005b b800 1119 0a19 14b6 008d 120b
    0x00005b0: 1100 5cb8 0011 190a 1915 b600 9012 0b11
    0x00005c0: 005d b800 1119 0a19 16b6 0093 120b 1100
    0x00005d0: 60b8 0011 a700 1a12 0b11 005e b800 113a
    0x00005e0: 0b12 0b11 005f b800 1119 0bb6 0096 120b
    0x00005f0: 1100 62b8 0011 190a b0                 
  Exception Handler Table:
    bci [290, 1484] =&gt; handler: 1495
  Stackmap Table:
    same_frame_extended(@208)
    full_frame(@318,{Object[#2],Object[#30],Object[#30],Object[#30],Object[#60],Object[#30],Object[#71],Integer,Object[#73]},{})
    same_frame_extended(@519)
    full_frame(@753,{Object[#2],Object[#30],Object[#30],Object[#30],Object[#60],Object[#30],Object[#71],Integer,Object[#73],Object[#92],Object[#94],Object[#94],Object[#94],Object[#94],Object[#94],Object[#96],Object[#94],Object[#94],Object[#94],Object[#94],Object[#94],Integer},{})
    same_frame_extended(@1211)
    same_frame_extended(@1298)
    full_frame(@1503,{Object[#2],Object[#30],Object[#30],Object[#30],Object[#60],Object[#30],Object[#71],Integer,Object[#73]},{Object[#28]})
    same_frame(@1526)
" type="java.lang.VerifyError">java.lang.VerifyError: Expecting a stackmap frame at branch target 180
Exception Details:
  Location:
    database/GetStockData_DB.getStockData_name(Ljava/lang/String;Ljava/lang/String;Ljava/lang/String;)Lpo/StockPO; @32: if_icmpne
  Reason:
    Expected stackmap frame at this location.
  Bytecode:
    0x0000000: 0336 0411 ffff 3605 120b 1100 1db8 0011
    0x0000010: 2cb6 0022 1008 1100 1d36 0411 0000 3605
    0x0000020: a000 9415 0411 001d a000 1a15 0511 0000
    0x0000030: a000 1212 0b15 0415 0504 b800 2611 ffff
    0x0000040: 3605 120b 1100 1eb8 0011 bb00 2859 b700
    0x0000050: 292c 0307 b600 2db6 0031 1233 b600 312c
    0x0000060: 0710 06b6 002d b600 3112 33b6 0031 2c10
    0x0000070: 06b6 0036 b600 31b6 003a 4d12 0b11 001f
    0x0000080: b800 11bb 0028 59b7 0029 2d03 07b6 002d
    0x0000090: b600 3112 33b6 0031 2d07 1006 b600 2db6
    0x00000a0: 0031 1233 b600 312d 1006 b600 36b6 0031
    0x00000b0: b600 3a4e 1505 9b00 1212 0b15 0415 0503
    0x00000c0: b800 2611 ffff 3605 120b 1100 22b8 0011
    0x00000d0: bb00 3c59 b700 3d3a 0612 0b11 0023 b800
    0x00000e0: 11bb 0028 59b7 0029 123f b600 312b b600
    0x00000f0: 3112 41b6 0031 b600 3a3a 0712 0b11 0024
    0x0000100: b800 1119 0619 07b6 0045 3a08 120b 1100
    0x0000110: 26b8 0011 0336 0912 0b11 0027 b800 1101
    0x0000120: 3a0a 1505 9b00 1212 0b15 0415 0503 b800
    0x0000130: 2611 ffff 3605 120b 1100 29b8 0011 1908
    0x0000140: b900 4d01 0011 0029 3604 1100 0036 0599
    0x0000150: 009c 1504 1100 29a0 001a 1505 1100 00a0
    0x0000160: 0012 120b 1504 1505 04b8 0026 11ff ff36
    0x0000170: 0512 0b11 002a b800 112a 2c19 0810 08b9
    0x0000180: 0050 0200 b600 5411 002a 3604 1100 0036
    0x0000190: 059a ff91 120b 1504 1505 04b8 0026 11ff
    0x00001a0: ff36 052a 1908 1008 b900 5002 002d b600
    0x00001b0: 5411 002a 3604 1100 0136 059a ff67 1504
    0x00001c0: 1100 2aa0 001a 1505 1100 01a0 0012 120b
    0x00001d0: 1504 1505 04b8 0026 11ff ff36 0512 0b11
    0x00001e0: 002b b800 1184 0901 a7ff 3a15 059b 0012
    0x00001f0: 120b 1504 1505 03b8 0026 11ff ff36 0512
    0x0000200: 0b11 002e b800 11bb 0049 5915 09b7 0057
    0x0000210: 3a0a 120b 1100 2fb8 0011 1908 b900 5a01
    0x0000220: 0012 0b11 0030 b800 1115 09bc 0b3a 0b12
    0x0000230: 0b11 0031 b800 1115 09bc 073a 0c12 0b11
    0x0000240: 0032 b800 1115 09bc 073a 0d12 0b11 0033
    0x0000250: b800 1115 09bc 073a 0e12 0b11 0034 b800
    0x0000260: 1115 09bc 073a 0f12 0b11 0035 b800 1115
    0x0000270: 09bc 073a 1012 0b11 0036 b800 1115 09bd
    0x0000280: 001e 3a11 120b 1100 37b8 0011 1509 bc07
    0x0000290: 3a12 120b 1100 38b8 0011 1509 bc07 3a13
    0x00002a0: 120b 1100 39b8 0011 1509 bc07 3a14 120b
    0x00002b0: 1100 3ab8 0011 1509 bc07 3a15 120b 1100
    0x00002c0: 3bb8 0011 1509 bc07 3a16 120b 1100 3cb8
    0x00002d0: 0011 0336 1715 059b 0012 120b 1504 1505
    0x00002e0: 03b8 0026 11ff ff36 0512 0b11 003d b800
    0x00002f0: 1119 08b9 004d 0100 1100 3d36 0411 0000
    0x0000300: 3605 9901 f415 0411 003d a000 1a15 0511
    0x0000310: 0000 a000 1212 0b15 0415 0504 b800 2611
    0x0000320: ffff 3605 120b 1100 3eb8 0011 2a2c 1908
    0x0000330: 1008 b900 5002 00b6 0054 1100 3e36 0411
    0x0000340: 0000 3605 9a01 5b12 0b15 0415 0504 b800
    0x0000350: 2611 ffff 3605 2a19 0810 08b9 0050 0200
    0x0000360: 2db6 0054 1100 3e36 0411 0001 3605 9a01
    0x0000370: 3115 0411 003e a000 1a15 0511 0001 a000
    0x0000380: 1212 0b15 0415 0504 b800 2611 ffff 3605
    0x0000390: 120b 1100 3fb8 0011 190b 1517 1908 05b9
    0x00003a0: 0064 0200 5012 0b11 0040 b800 1119 0c15
    0x00003b0: 1719 0806 b900 6802 0052 120b 1100 41b8
    0x00003c0: 0011 190d 1517 1908 07b9 0068 0200 5212
    0x00003d0: 0b11 0042 b800 1119 0e15 1719 0808 b900
    0x00003e0: 6802 0052 120b 1100 43b8 0011 190f 1517
    0x00003f0: 1908 1006 b900 6802 0052 120b 1100 44b8
    0x0000400: 0011 1910 1517 1908 1007 b900 6802 0052
    0x0000410: 120b 1100 45b8 0011 1911 1517 1908 1008
    0x0000420: b900 5002 0053 120b 1100 46b8 0011 1912
    0x0000430: 1517 1908 1009 b900 6802 0052 120b 1100
    0x0000440: 47b8 0011 1913 1517 1908 100a b900 6802
    0x0000450: 0052 120b 1100 48b8 0011 1914 1517 1908
    0x0000460: 100b b900 6802 0052 120b 1100 49b8 0011
    0x0000470: 1915 1517 1908 100c b900 6802 0052 120b
    0x0000480: 1100 4ab8 0011 1916 1517 1908 100d b900
    0x0000490: 6802 0052 120b 1100 4bb8 0011 8417 0115
    0x00004a0: 059b 0012 120b 1504 1505 03b8 0026 11ff
    0x00004b0: ff36 0512 0b11 004d b800 1115 1715 0911
    0x00004c0: 004d 3604 1100 0036 05a0 fe0c 1504 1100
    0x00004d0: 4da0 001a 1505 1100 00a0 0012 120b 1504
    0x00004e0: 1505 04b8 0026 11ff ff36 0512 0b11 004e
    0x00004f0: b800 11a7 0003 1505 9b00 1212 0b15 0415
    0x0000500: 0503 b800 2611 ffff 3605 120b 1100 51b8
    0x0000510: 0011 190a 2bb6 006c 120b 1100 52b8 0011
    0x0000520: 190a 190b b600 7012 0b11 0053 b800 1119
    0x0000530: 0a19 0cb6 0074 120b 1100 54b8 0011 190a
    0x0000540: 190d b600 7712 0b11 0055 b800 1119 0a19
    0x0000550: 0eb6 007a 120b 1100 56b8 0011 190a 190f
    0x0000560: b600 7d12 0b11 0057 b800 1119 0a19 10b6
    0x0000570: 0080 120b 1100 58b8 0011 190a 1911 b600
    0x0000580: 8412 0b11 0059 b800 1119 0a19 12b6 0087
    0x0000590: 120b 1100 5ab8 0011 190a 1913 b600 8a12
    0x00005a0: 0b11 005b b800 1119 0a19 14b6 008d 120b
    0x00005b0: 1100 5cb8 0011 190a 1915 b600 9012 0b11
    0x00005c0: 005d b800 1119 0a19 16b6 0093 120b 1100
    0x00005d0: 60b8 0011 a700 1a12 0b11 005e b800 113a
    0x00005e0: 0b12 0b11 005f b800 1119 0bb6 0096 120b
    0x00005f0: 1100 62b8 0011 190a b0                 
  Exception Handler Table:
    bci [290, 1484] =&gt; handler: 1495
  Stackmap Table:
    same_frame_extended(@208)
    full_frame(@318,{Object[#2],Object[#30],Object[#30],Object[#30],Object[#60],Object[#30],Object[#71],Integer,Object[#73]},{})
    same_frame_extended(@519)
    full_frame(@753,{Object[#2],Object[#30],Object[#30],Object[#30],Object[#60],Object[#30],Object[#71],Integer,Object[#73],Object[#92],Object[#94],Object[#94],Object[#94],Object[#94],Object[#94],Object[#96],Object[#94],Object[#94],Object[#94],Object[#94],Object[#94],Integer},{})
    same_frame_extended(@1211)
    same_frame_extended(@1298)
    full_frame(@1503,{Object[#2],Object[#30],Object[#30],Object[#30],Object[#60],Object[#30],Object[#71],Integer,Object[#73]},{Object[#28]})
    same_frame(@1526)

	at database.GetStockData_DBTest.getAllInterestedStockTest(GetStockData_DBTest.java:37)
	at sun.reflect.NativeMethodAccessorImpl.invoke0(Native Method)
	at sun.reflect.NativeMethodAccessorImpl.invoke(NativeMethodAccessorImpl.java:62)
	at sun.reflect.DelegatingMethodAccessorImpl.invoke(DelegatingMethodAccessorImpl.java:43)
	at java.lang.reflect.Method.invoke(Method.java:498)
	at org.junit.runners.model.FrameworkMethod$1.runReflectiveCall(FrameworkMethod.java:44)
	at org.junit.internal.runners.model.ReflectiveCallable.run(ReflectiveCallable.java:15)
	at org.junit.runners.model.FrameworkMethod.invokeExplosively(FrameworkMethod.java:41)
	at org.junit.internal.runners.statements.InvokeMethod.evaluate(InvokeMethod.java:20)
	at org.junit.runners.BlockJUnit4ClassRunner.runNotIgnored(BlockJUnit4ClassRunner.java:79)
	at org.junit.runners.BlockJUnit4ClassRunner.runChild(BlockJUnit4ClassRunner.java:71)
	at org.junit.runners.BlockJUnit4ClassRunner.runChild(BlockJUnit4ClassRunner.java:49)
	at org.junit.runners.ParentRunner$3.run(ParentRunner.java:193)
	at org.junit.runners.ParentRunner$1.schedule(ParentRunner.java:52)
	at org.junit.runners.ParentRunner.runChildren(ParentRunner.java:191)
	at org.junit.runners.ParentRunner.access$000(ParentRunner.java:42)
	at org.junit.runners.ParentRunner$2.evaluate(ParentRunner.java:184)
	at org.junit.runners.ParentRunner.run(ParentRunner.java:236)
	at org.apache.maven.surefire.junit4.JUnit4TestSet.execute(JUnit4TestSet.java:53)
	at org.apache.maven.surefire.junit4.JUnit4Provider.executeTestSet(JUnit4Provider.java:119)
	at org.apache.maven.surefire.junit4.JUnit4Provider.invoke(JUnit4Provider.java:101)
	at sun.reflect.NativeMethodAccessorImpl.invoke0(Native Method)
	at sun.reflect.NativeMethodAccessorImpl.invoke(NativeMethodAccessorImpl.java:62)
	at sun.reflect.DelegatingMethodAccessorImpl.invoke(DelegatingMethodAccessorImpl.java:43)
	at java.lang.reflect.Method.invoke(Method.java:498)
	at org.apache.maven.surefire.booter.ProviderFactory$ClassLoaderProxy.invoke(ProviderFactory.java:103)
	at com.sun.proxy.$Proxy0.invoke(Unknown Source)
	at org.apache.maven.surefire.booter.SurefireStarter.invokeProvider(SurefireStarter.java:150)
	at org.apache.maven.surefire.booter.SurefireStarter.runSuitesInProcess(SurefireStarter.java:91)
	at org.apache.maven.surefire.booter.ForkedBooter.main(ForkedBooter.java:69)
</error>
    <system-out>@SLTests run: 1, Failures: 0, Errors: 1, Skipped: 0, Time elapsed: 0.001 sec &lt;&lt;&lt; FAILURE!
@SLRunning database.GetStockData_DBTest
</system-out>
  </testcase>
  <testcase classname="database.GetStockData_DBTest" name="getStockData_nameTest" time="0">
    <error message="Expecting a stackmap frame at branch target 180
Exception Details:
  Location:
    database/GetStockData_DB.getStockData_name(Ljava/lang/String;Ljava/lang/String;Ljava/lang/String;)Lpo/StockPO; @32: if_icmpne
  Reason:
    Expected stackmap frame at this location.
  Bytecode:
    0x0000000: 0336 0411 ffff 3605 120b 1100 1db8 0011
    0x0000010: 2cb6 0022 1008 1100 1d36 0411 0000 3605
    0x0000020: a000 9415 0411 001d a000 1a15 0511 0000
    0x0000030: a000 1212 0b15 0415 0504 b800 2611 ffff
    0x0000040: 3605 120b 1100 1eb8 0011 bb00 2859 b700
    0x0000050: 292c 0307 b600 2db6 0031 1233 b600 312c
    0x0000060: 0710 06b6 002d b600 3112 33b6 0031 2c10
    0x0000070: 06b6 0036 b600 31b6 003a 4d12 0b11 001f
    0x0000080: b800 11bb 0028 59b7 0029 2d03 07b6 002d
    0x0000090: b600 3112 33b6 0031 2d07 1006 b600 2db6
    0x00000a0: 0031 1233 b600 312d 1006 b600 36b6 0031
    0x00000b0: b600 3a4e 1505 9b00 1212 0b15 0415 0503
    0x00000c0: b800 2611 ffff 3605 120b 1100 22b8 0011
    0x00000d0: bb00 3c59 b700 3d3a 0612 0b11 0023 b800
    0x00000e0: 11bb 0028 59b7 0029 123f b600 312b b600
    0x00000f0: 3112 41b6 0031 b600 3a3a 0712 0b11 0024
    0x0000100: b800 1119 0619 07b6 0045 3a08 120b 1100
    0x0000110: 26b8 0011 0336 0912 0b11 0027 b800 1101
    0x0000120: 3a0a 1505 9b00 1212 0b15 0415 0503 b800
    0x0000130: 2611 ffff 3605 120b 1100 29b8 0011 1908
    0x0000140: b900 4d01 0011 0029 3604 1100 0036 0599
    0x0000150: 009c 1504 1100 29a0 001a 1505 1100 00a0
    0x0000160: 0012 120b 1504 1505 04b8 0026 11ff ff36
    0x0000170: 0512 0b11 002a b800 112a 2c19 0810 08b9
    0x0000180: 0050 0200 b600 5411 002a 3604 1100 0036
    0x0000190: 059a ff91 120b 1504 1505 04b8 0026 11ff
    0x00001a0: ff36 052a 1908 1008 b900 5002 002d b600
    0x00001b0: 5411 002a 3604 1100 0136 059a ff67 1504
    0x00001c0: 1100 2aa0 001a 1505 1100 01a0 0012 120b
    0x00001d0: 1504 1505 04b8 0026 11ff ff36 0512 0b11
    0x00001e0: 002b b800 1184 0901 a7ff 3a15 059b 0012
    0x00001f0: 120b 1504 1505 03b8 0026 11ff ff36 0512
    0x0000200: 0b11 002e b800 11bb 0049 5915 09b7 0057
    0x0000210: 3a0a 120b 1100 2fb8 0011 1908 b900 5a01
    0x0000220: 0012 0b11 0030 b800 1115 09bc 0b3a 0b12
    0x0000230: 0b11 0031 b800 1115 09bc 073a 0c12 0b11
    0x0000240: 0032 b800 1115 09bc 073a 0d12 0b11 0033
    0x0000250: b800 1115 09bc 073a 0e12 0b11 0034 b800
    0x0000260: 1115 09bc 073a 0f12 0b11 0035 b800 1115
    0x0000270: 09bc 073a 1012 0b11 0036 b800 1115 09bd
    0x0000280: 001e 3a11 120b 1100 37b8 0011 1509 bc07
    0x0000290: 3a12 120b 1100 38b8 0011 1509 bc07 3a13
    0x00002a0: 120b 1100 39b8 0011 1509 bc07 3a14 120b
    0x00002b0: 1100 3ab8 0011 1509 bc07 3a15 120b 1100
    0x00002c0: 3bb8 0011 1509 bc07 3a16 120b 1100 3cb8
    0x00002d0: 0011 0336 1715 059b 0012 120b 1504 1505
    0x00002e0: 03b8 0026 11ff ff36 0512 0b11 003d b800
    0x00002f0: 1119 08b9 004d 0100 1100 3d36 0411 0000
    0x0000300: 3605 9901 f415 0411 003d a000 1a15 0511
    0x0000310: 0000 a000 1212 0b15 0415 0504 b800 2611
    0x0000320: ffff 3605 120b 1100 3eb8 0011 2a2c 1908
    0x0000330: 1008 b900 5002 00b6 0054 1100 3e36 0411
    0x0000340: 0000 3605 9a01 5b12 0b15 0415 0504 b800
    0x0000350: 2611 ffff 3605 2a19 0810 08b9 0050 0200
    0x0000360: 2db6 0054 1100 3e36 0411 0001 3605 9a01
    0x0000370: 3115 0411 003e a000 1a15 0511 0001 a000
    0x0000380: 1212 0b15 0415 0504 b800 2611 ffff 3605
    0x0000390: 120b 1100 3fb8 0011 190b 1517 1908 05b9
    0x00003a0: 0064 0200 5012 0b11 0040 b800 1119 0c15
    0x00003b0: 1719 0806 b900 6802 0052 120b 1100 41b8
    0x00003c0: 0011 190d 1517 1908 07b9 0068 0200 5212
    0x00003d0: 0b11 0042 b800 1119 0e15 1719 0808 b900
    0x00003e0: 6802 0052 120b 1100 43b8 0011 190f 1517
    0x00003f0: 1908 1006 b900 6802 0052 120b 1100 44b8
    0x0000400: 0011 1910 1517 1908 1007 b900 6802 0052
    0x0000410: 120b 1100 45b8 0011 1911 1517 1908 1008
    0x0000420: b900 5002 0053 120b 1100 46b8 0011 1912
    0x0000430: 1517 1908 1009 b900 6802 0052 120b 1100
    0x0000440: 47b8 0011 1913 1517 1908 100a b900 6802
    0x0000450: 0052 120b 1100 48b8 0011 1914 1517 1908
    0x0000460: 100b b900 6802 0052 120b 1100 49b8 0011
    0x0000470: 1915 1517 1908 100c b900 6802 0052 120b
    0x0000480: 1100 4ab8 0011 1916 1517 1908 100d b900
    0x0000490: 6802 0052 120b 1100 4bb8 0011 8417 0115
    0x00004a0: 059b 0012 120b 1504 1505 03b8 0026 11ff
    0x00004b0: ff36 0512 0b11 004d b800 1115 1715 0911
    0x00004c0: 004d 3604 1100 0036 05a0 fe0c 1504 1100
    0x00004d0: 4da0 001a 1505 1100 00a0 0012 120b 1504
    0x00004e0: 1505 04b8 0026 11ff ff36 0512 0b11 004e
    0x00004f0: b800 11a7 0003 1505 9b00 1212 0b15 0415
    0x0000500: 0503 b800 2611 ffff 3605 120b 1100 51b8
    0x0000510: 0011 190a 2bb6 006c 120b 1100 52b8 0011
    0x0000520: 190a 190b b600 7012 0b11 0053 b800 1119
    0x0000530: 0a19 0cb6 0074 120b 1100 54b8 0011 190a
    0x0000540: 190d b600 7712 0b11 0055 b800 1119 0a19
    0x0000550: 0eb6 007a 120b 1100 56b8 0011 190a 190f
    0x0000560: b600 7d12 0b11 0057 b800 1119 0a19 10b6
    0x0000570: 0080 120b 1100 58b8 0011 190a 1911 b600
    0x0000580: 8412 0b11 0059 b800 1119 0a19 12b6 0087
    0x0000590: 120b 1100 5ab8 0011 190a 1913 b600 8a12
    0x00005a0: 0b11 005b b800 1119 0a19 14b6 008d 120b
    0x00005b0: 1100 5cb8 0011 190a 1915 b600 9012 0b11
    0x00005c0: 005d b800 1119 0a19 16b6 0093 120b 1100
    0x00005d0: 60b8 0011 a700 1a12 0b11 005e b800 113a
    0x00005e0: 0b12 0b11 005f b800 1119 0bb6 0096 120b
    0x00005f0: 1100 62b8 0011 190a b0                 
  Exception Handler Table:
    bci [290, 1484] =&gt; handler: 1495
  Stackmap Table:
    same_frame_extended(@208)
    full_frame(@318,{Object[#2],Object[#30],Object[#30],Object[#30],Object[#60],Object[#30],Object[#71],Integer,Object[#73]},{})
    same_frame_extended(@519)
    full_frame(@753,{Object[#2],Object[#30],Object[#30],Object[#30],Object[#60],Object[#30],Object[#71],Integer,Object[#73],Object[#92],Object[#94],Object[#94],Object[#94],Object[#94],Object[#94],Object[#96],Object[#94],Object[#94],Object[#94],Object[#94],Object[#94],Integer},{})
    same_frame_extended(@1211)
    same_frame_extended(@1298)
    full_frame(@1503,{Object[#2],Object[#30],Object[#30],Object[#30],Object[#60],Object[#30],Object[#71],Integer,Object[#73]},{Object[#28]})
    same_frame(@1526)
" type="java.lang.VerifyError">java.lang.VerifyError: Expecting a stackmap frame at branch target 180
Exception Details:
  Location:
    database/GetStockData_DB.getStockData_name(Ljava/lang/String;Ljava/lang/String;Ljava/lang/String;)Lpo/StockPO; @32: if_icmpne
  Reason:
    Expected stackmap frame at this location.
  Bytecode:
    0x0000000: 0336 0411 ffff 3605 120b 1100 1db8 0011
    0x0000010: 2cb6 0022 1008 1100 1d36 0411 0000 3605
    0x0000020: a000 9415 0411 001d a000 1a15 0511 0000
    0x0000030: a000 1212 0b15 0415 0504 b800 2611 ffff
    0x0000040: 3605 120b 1100 1eb8 0011 bb00 2859 b700
    0x0000050: 292c 0307 b600 2db6 0031 1233 b600 312c
    0x0000060: 0710 06b6 002d b600 3112 33b6 0031 2c10
    0x0000070: 06b6 0036 b600 31b6 003a 4d12 0b11 001f
    0x0000080: b800 11bb 0028 59b7 0029 2d03 07b6 002d
    0x0000090: b600 3112 33b6 0031 2d07 1006 b600 2db6
    0x00000a0: 0031 1233 b600 312d 1006 b600 36b6 0031
    0x00000b0: b600 3a4e 1505 9b00 1212 0b15 0415 0503
    0x00000c0: b800 2611 ffff 3605 120b 1100 22b8 0011
    0x00000d0: bb00 3c59 b700 3d3a 0612 0b11 0023 b800
    0x00000e0: 11bb 0028 59b7 0029 123f b600 312b b600
    0x00000f0: 3112 41b6 0031 b600 3a3a 0712 0b11 0024
    0x0000100: b800 1119 0619 07b6 0045 3a08 120b 1100
    0x0000110: 26b8 0011 0336 0912 0b11 0027 b800 1101
    0x0000120: 3a0a 1505 9b00 1212 0b15 0415 0503 b800
    0x0000130: 2611 ffff 3605 120b 1100 29b8 0011 1908
    0x0000140: b900 4d01 0011 0029 3604 1100 0036 0599
    0x0000150: 009c 1504 1100 29a0 001a 1505 1100 00a0
    0x0000160: 0012 120b 1504 1505 04b8 0026 11ff ff36
    0x0000170: 0512 0b11 002a b800 112a 2c19 0810 08b9
    0x0000180: 0050 0200 b600 5411 002a 3604 1100 0036
    0x0000190: 059a ff91 120b 1504 1505 04b8 0026 11ff
    0x00001a0: ff36 052a 1908 1008 b900 5002 002d b600
    0x00001b0: 5411 002a 3604 1100 0136 059a ff67 1504
    0x00001c0: 1100 2aa0 001a 1505 1100 01a0 0012 120b
    0x00001d0: 1504 1505 04b8 0026 11ff ff36 0512 0b11
    0x00001e0: 002b b800 1184 0901 a7ff 3a15 059b 0012
    0x00001f0: 120b 1504 1505 03b8 0026 11ff ff36 0512
    0x0000200: 0b11 002e b800 11bb 0049 5915 09b7 0057
    0x0000210: 3a0a 120b 1100 2fb8 0011 1908 b900 5a01
    0x0000220: 0012 0b11 0030 b800 1115 09bc 0b3a 0b12
    0x0000230: 0b11 0031 b800 1115 09bc 073a 0c12 0b11
    0x0000240: 0032 b800 1115 09bc 073a 0d12 0b11 0033
    0x0000250: b800 1115 09bc 073a 0e12 0b11 0034 b800
    0x0000260: 1115 09bc 073a 0f12 0b11 0035 b800 1115
    0x0000270: 09bc 073a 1012 0b11 0036 b800 1115 09bd
    0x0000280: 001e 3a11 120b 1100 37b8 0011 1509 bc07
    0x0000290: 3a12 120b 1100 38b8 0011 1509 bc07 3a13
    0x00002a0: 120b 1100 39b8 0011 1509 bc07 3a14 120b
    0x00002b0: 1100 3ab8 0011 1509 bc07 3a15 120b 1100
    0x00002c0: 3bb8 0011 1509 bc07 3a16 120b 1100 3cb8
    0x00002d0: 0011 0336 1715 059b 0012 120b 1504 1505
    0x00002e0: 03b8 0026 11ff ff36 0512 0b11 003d b800
    0x00002f0: 1119 08b9 004d 0100 1100 3d36 0411 0000
    0x0000300: 3605 9901 f415 0411 003d a000 1a15 0511
    0x0000310: 0000 a000 1212 0b15 0415 0504 b800 2611
    0x0000320: ffff 3605 120b 1100 3eb8 0011 2a2c 1908
    0x0000330: 1008 b900 5002 00b6 0054 1100 3e36 0411
    0x0000340: 0000 3605 9a01 5b12 0b15 0415 0504 b800
    0x0000350: 2611 ffff 3605 2a19 0810 08b9 0050 0200
    0x0000360: 2db6 0054 1100 3e36 0411 0001 3605 9a01
    0x0000370: 3115 0411 003e a000 1a15 0511 0001 a000
    0x0000380: 1212 0b15 0415 0504 b800 2611 ffff 3605
    0x0000390: 120b 1100 3fb8 0011 190b 1517 1908 05b9
    0x00003a0: 0064 0200 5012 0b11 0040 b800 1119 0c15
    0x00003b0: 1719 0806 b900 6802 0052 120b 1100 41b8
    0x00003c0: 0011 190d 1517 1908 07b9 0068 0200 5212
    0x00003d0: 0b11 0042 b800 1119 0e15 1719 0808 b900
    0x00003e0: 6802 0052 120b 1100 43b8 0011 190f 1517
    0x00003f0: 1908 1006 b900 6802 0052 120b 1100 44b8
    0x0000400: 0011 1910 1517 1908 1007 b900 6802 0052
    0x0000410: 120b 1100 45b8 0011 1911 1517 1908 1008
    0x0000420: b900 5002 0053 120b 1100 46b8 0011 1912
    0x0000430: 1517 1908 1009 b900 6802 0052 120b 1100
    0x0000440: 47b8 0011 1913 1517 1908 100a b900 6802
    0x0000450: 0052 120b 1100 48b8 0011 1914 1517 1908
    0x0000460: 100b b900 6802 0052 120b 1100 49b8 0011
    0x0000470: 1915 1517 1908 100c b900 6802 0052 120b
    0x0000480: 1100 4ab8 0011 1916 1517 1908 100d b900
    0x0000490: 6802 0052 120b 1100 4bb8 0011 8417 0115
    0x00004a0: 059b 0012 120b 1504 1505 03b8 0026 11ff
    0x00004b0: ff36 0512 0b11 004d b800 1115 1715 0911
    0x00004c0: 004d 3604 1100 0036 05a0 fe0c 1504 1100
    0x00004d0: 4da0 001a 1505 1100 00a0 0012 120b 1504
    0x00004e0: 1505 04b8 0026 11ff ff36 0512 0b11 004e
    0x00004f0: b800 11a7 0003 1505 9b00 1212 0b15 0415
    0x0000500: 0503 b800 2611 ffff 3605 120b 1100 51b8
    0x0000510: 0011 190a 2bb6 006c 120b 1100 52b8 0011
    0x0000520: 190a 190b b600 7012 0b11 0053 b800 1119
    0x0000530: 0a19 0cb6 0074 120b 1100 54b8 0011 190a
    0x0000540: 190d b600 7712 0b11 0055 b800 1119 0a19
    0x0000550: 0eb6 007a 120b 1100 56b8 0011 190a 190f
    0x0000560: b600 7d12 0b11 0057 b800 1119 0a19 10b6
    0x0000570: 0080 120b 1100 58b8 0011 190a 1911 b600
    0x0000580: 8412 0b11 0059 b800 1119 0a19 12b6 0087
    0x0000590: 120b 1100 5ab8 0011 190a 1913 b600 8a12
    0x00005a0: 0b11 005b b800 1119 0a19 14b6 008d 120b
    0x00005b0: 1100 5cb8 0011 190a 1915 b600 9012 0b11
    0x00005c0: 005d b800 1119 0a19 16b6 0093 120b 1100
    0x00005d0: 60b8 0011 a700 1a12 0b11 005e b800 113a
    0x00005e0: 0b12 0b11 005f b800 1119 0bb6 0096 120b
    0x00005f0: 1100 62b8 0011 190a b0                 
  Exception Handler Table:
    bci [290, 1484] =&gt; handler: 1495
  Stackmap Table:
    same_frame_extended(@208)
    full_frame(@318,{Object[#2],Object[#30],Object[#30],Object[#30],Object[#60],Object[#30],Object[#71],Integer,Object[#73]},{})
    same_frame_extended(@519)
    full_frame(@753,{Object[#2],Object[#30],Object[#30],Object[#30],Object[#60],Object[#30],Object[#71],Integer,Object[#73],Object[#92],Object[#94],Object[#94],Object[#94],Object[#94],Object[#94],Object[#96],Object[#94],Object[#94],Object[#94],Object[#94],Object[#94],Integer},{})
    same_frame_extended(@1211)
    same_frame_extended(@1298)
    full_frame(@1503,{Object[#2],Object[#30],Object[#30],Object[#30],Object[#60],Object[#30],Object[#71],Integer,Object[#73]},{Object[#28]})
    same_frame(@1526)

	at database.GetStockData_DBTest.getStockData_nameTest(GetStockData_DBTest.java:18)
	at sun.reflect.NativeMethodAccessorImpl.invoke0(Native Method)
	at sun.reflect.NativeMethodAccessorImpl.invoke(NativeMethodAccessorImpl.java:62)
	at sun.reflect.DelegatingMethodAccessorImpl.invoke(DelegatingMethodAccessorImpl.java:43)
	at java.lang.reflect.Method.invoke(Method.java:498)
	at org.junit.runners.model.FrameworkMethod$1.runReflectiveCall(FrameworkMethod.java:44)
	at org.junit.internal.runners.model.ReflectiveCallable.run(ReflectiveCallable.java:15)
	at org.junit.runners.model.FrameworkMethod.invokeExplosively(FrameworkMethod.java:41)
	at org.junit.internal.runners.statements.InvokeMethod.evaluate(InvokeMethod.java:20)
	at org.junit.runners.BlockJUnit4ClassRunner.runNotIgnored(BlockJUnit4ClassRunner.java:79)
	at org.junit.runners.BlockJUnit4ClassRunner.runChild(BlockJUnit4ClassRunner.java:71)
	at org.junit.runners.BlockJUnit4ClassRunner.runChild(BlockJUnit4ClassRunner.java:49)
	at org.junit.runners.ParentRunner$3.run(ParentRunner.java:193)
	at org.junit.runners.ParentRunner$1.schedule(ParentRunner.java:52)
	at org.junit.runners.ParentRunner.runChildren(ParentRunner.java:191)
	at org.junit.runners.ParentRunner.access$000(ParentRunner.java:42)
	at org.junit.runners.ParentRunner$2.evaluate(ParentRunner.java:184)
	at org.junit.runners.ParentRunner.run(ParentRunner.java:236)
	at org.apache.maven.surefire.junit4.JUnit4TestSet.execute(JUnit4TestSet.java:53)
	at org.apache.maven.surefire.junit4.JUnit4Provider.executeTestSet(JUnit4Provider.java:119)
	at org.apache.maven.surefire.junit4.JUnit4Provider.invoke(JUnit4Provider.java:101)
	at sun.reflect.NativeMethodAccessorImpl.invoke0(Native Method)
	at sun.reflect.NativeMethodAccessorImpl.invoke(NativeMethodAccessorImpl.java:62)
	at sun.reflect.DelegatingMethodAccessorImpl.invoke(DelegatingMethodAccessorImpl.java:43)
	at java.lang.reflect.Method.invoke(Method.java:498)
	at org.apache.maven.surefire.booter.ProviderFactory$ClassLoaderProxy.invoke(ProviderFactory.java:103)
	at com.sun.proxy.$Proxy0.invoke(Unknown Source)
	at org.apache.maven.surefire.booter.SurefireStarter.invokeProvider(SurefireStarter.java:150)
	at org.apache.maven.surefire.booter.SurefireStarter.runSuitesInProcess(SurefireStarter.java:91)
	at org.apache.maven.surefire.booter.ForkedBooter.main(ForkedBooter.java:69)
</error>
  </testcase>
</testsuite>